<?xml version="1.0" encoding="UTF-8"?>
<!-- Generated by org.testng.reporters.JUnitXMLReporter -->
<testsuite ignored="0" hostname="LTIN486509" failures="1" tests="3" name="Test" time="24.616" errors="0" timestamp="29 Mar 2024 06:48:04 GMT">
  <testcase classname="org.beCognizant.tests.TC001" name="page1" time="16.553">
    <failure type="org.openqa.selenium.ElementClickInterceptedException" message="element click intercepted: Element &amp;lt;div title=&amp;quot;...&amp;quot; class=&amp;quot;css-190&amp;quot; data-automation-id=&amp;quot;quick-links-item-title&amp;quot; id=&amp;quot;QuicklinksItemTitle&amp;quot;&amp;gt;OneCognizant&amp;lt;/div&amp;gt; is not clickable at point (1061, 214). Other element would receive the click: &amp;lt;div class=&amp;quot;mectrl_accountInfo&amp;quot;&amp;gt;...&amp;lt;/div&amp;gt;
  (Session info: chrome=120.0.6099.130)
Build info: version: &amp;apos;4.8.3&amp;apos;, revision: &amp;apos;e5e76298c3&amp;apos;
System info: os.name: &amp;apos;Windows 11&amp;apos;, os.arch: &amp;apos;amd64&amp;apos;, os.version: &amp;apos;10.0&amp;apos;, java.version: &amp;apos;17.0.2&amp;apos;
Driver info: org.openqa.selenium.chrome.ChromeDriver
Command: [552b76924a7d01db57c23680ea995b0b, clickElement {id=BDCFA264052A667705B1747619005BD4_element_70}]
Capabilities {acceptInsecureCerts: false, browserName: chrome, browserVersion: 120.0.6099.130, chrome: {chromedriverVersion: 120.0.6099.109 (3419140ab66..., userDataDir: C:\Windows\SystemTemp\scope...}, fedcm:accounts: true, goog:chromeOptions: {debuggerAddress: localhost:61796}, networkConnectionEnabled: false, pageLoadStrategy: normal, platformName: WINDOWS, proxy: Proxy(), se:cdp: ws://localhost:61796/devtoo..., se:cdpVersion: 120.0.6099.130, setWindowRect: true, strictFileInteractability: false, timeouts: {implicit: 0, pageLoad: 300000, script: 30000}, unhandledPromptBehavior: dismiss and notify, webauthn:extension:credBlob: true, webauthn:extension:largeBlob: true, webauthn:extension:minPinLength: true, webauthn:extension:prf: true, webauthn:virtualAuthenticators: true}
Element: [[ChromeDriver: chrome on WINDOWS (552b76924a7d01db57c23680ea995b0b)] -&amp;gt; xpath: //div[@title=&amp;apos;OneCognizant&amp;apos;]]
Session ID: 552b76924a7d01db57c23680ea995b0b">
      <![CDATA[org.openqa.selenium.ElementClickInterceptedException: element click intercepted: Element <div title="..." class="css-190" data-automation-id="quick-links-item-title" id="QuicklinksItemTitle">OneCognizant</div> is not clickable at point (1061, 214). Other element would receive the click: <div class="mectrl_accountInfo">...</div>
  (Session info: chrome=120.0.6099.130)
Build info: version: '4.8.3', revision: 'e5e76298c3'
System info: os.name: 'Windows 11', os.arch: 'amd64', os.version: '10.0', java.version: '17.0.2'
Driver info: org.openqa.selenium.chrome.ChromeDriver
Command: [552b76924a7d01db57c23680ea995b0b, clickElement {id=BDCFA264052A667705B1747619005BD4_element_70}]
Capabilities {acceptInsecureCerts: false, browserName: chrome, browserVersion: 120.0.6099.130, chrome: {chromedriverVersion: 120.0.6099.109 (3419140ab66..., userDataDir: C:\Windows\SystemTemp\scope...}, fedcm:accounts: true, goog:chromeOptions: {debuggerAddress: localhost:61796}, networkConnectionEnabled: false, pageLoadStrategy: normal, platformName: WINDOWS, proxy: Proxy(), se:cdp: ws://localhost:61796/devtoo..., se:cdpVersion: 120.0.6099.130, setWindowRect: true, strictFileInteractability: false, timeouts: {implicit: 0, pageLoad: 300000, script: 30000}, unhandledPromptBehavior: dismiss and notify, webauthn:extension:credBlob: true, webauthn:extension:largeBlob: true, webauthn:extension:minPinLength: true, webauthn:extension:prf: true, webauthn:virtualAuthenticators: true}
Element: [[ChromeDriver: chrome on WINDOWS (552b76924a7d01db57c23680ea995b0b)] -> xpath: //div[@title='OneCognizant']]
Session ID: 552b76924a7d01db57c23680ea995b0b
at org.openqa.selenium.remote.codec.w3c.W3CHttpResponseCodec.createException(W3CHttpResponseCodec.java:200)
at org.openqa.selenium.remote.codec.w3c.W3CHttpResponseCodec.decode(W3CHttpResponseCodec.java:133)
at org.openqa.selenium.remote.codec.w3c.W3CHttpResponseCodec.decode(W3CHttpResponseCodec.java:53)
at org.openqa.selenium.remote.HttpCommandExecutor.execute(HttpCommandExecutor.java:193)
at org.openqa.selenium.remote.service.DriverCommandExecutor.invokeExecute(DriverCommandExecutor.java:183)
at org.openqa.selenium.remote.service.DriverCommandExecutor.execute(DriverCommandExecutor.java:158)
at org.openqa.selenium.remote.RemoteWebDriver.execute(RemoteWebDriver.java:543)
at org.openqa.selenium.remote.RemoteWebElement.execute(RemoteWebElement.java:257)
at org.openqa.selenium.remote.RemoteWebElement.click(RemoteWebElement.java:78)
at org.openqa.selenium.support.pagefactory.internal.LocatingElementHandler.invoke(LocatingElementHandler.java:52)
at jdk.proxy2/jdk.proxy2.$Proxy31.click(Unknown Source)
at org.becognizant.pages.BeCognizantHome.clickOneCogzBtn(BeCognizantHome.java:96)
at org.beCognizant.tests.TC001.page1(TC001.java:34)
... Removed 34 stack frames]]>
    </failure>
  </testcase> <!-- page1 -->
  <testcase classname="org.beCognizant.tests.TC001" name="page2" time="0.0">
    <skipped/>
  </testcase> <!-- page2 -->
  <testcase classname="org.beCognizant.tests.TC001" name="page3" time="0.0">
    <skipped/>
  </testcase> <!-- page3 -->
</testsuite> <!-- Test -->
